============================================================
  Generated by:           Genus(TM) Synthesis Solution 20.11-s111_1
  Generated on:           Nov 03 2025  10:55:15 am
  Module:                 top
  Operating conditions:   fast (balanced_tree)
  Wireload mode:          enclosed
  Area mode:              timing library
============================================================

Timing
--------

Clock  Period 
--------------
CLK   10000.0 


  Cost    Critical         Violating 
 Group   Path Slack  TNS     Paths   
-------------------------------------
CLK          6680.2   0.0          0 
default    No paths   0.0            
reg2reg      5660.8   0.0          0 
-------------------------------------
Total                 0.0          0 

Instance Count
--------------
Leaf Instance Count             1222 
Physical Instance count            0 
Sequential Instance Count        182 
Combinational Instance Count    1040 
Hierarchical Instance Count        3 

Area
----
Cell Area                          25729.704
Physical Cell Area                 0.000
Total Cell Area (Cell+Physical)    25729.704
Net Area                           0.000
Total Area (Cell+Physical+Net)     25729.704

Max Fanout                         182 (CLK)
Min Fanout                         0 (theta_out[0])
Average Fanout                     2.4
Terms to net ratio                 3.4051
Terms to instance ratio            3.7005
Runtime                            39.207499000000006 seconds
Elapsed Runtime                    83 seconds
Genus peak memory usage            1277.48 
Innovus peak memory usage          no_value 
Hostname                           localhost
