============================================================
  Generated by:           Genus(TM) Synthesis Solution 20.11-s111_1
  Generated on:           Nov 03 2025  10:55:15 am
  Module:                 top
  Operating conditions:   fast (balanced_tree)
  Wireload mode:          enclosed
  Area mode:              timing library
============================================================

                                
   Gate    Instances    Area     Library  
------------------------------------------
ADDFX1            19   1327.234    tsmc18 
ADDFX2             6    419.126    tsmc18 
AND2X2            48    638.669    tsmc18 
AND4X2             1     19.958    tsmc18 
AOI211X1           8    133.056    tsmc18 
AOI211XL          10    166.320    tsmc18 
AOI21X1           24    319.334    tsmc18 
AOI21XL           11    146.362    tsmc18 
AOI221X1           5    116.424    tsmc18 
AOI222X1          11    292.723    tsmc18 
AOI22X1           88   1463.616    tsmc18 
AOI22XL           39    648.648    tsmc18 
AOI2BB1X1          1     16.632    tsmc18 
AOI2BB1XL         50    831.600    tsmc18 
AOI2BB2X1          8    186.278    tsmc18 
AOI31X1            2     33.264    tsmc18 
AOI32X1            3     69.854    tsmc18 
AOI33X1            1     26.611    tsmc18 
BUFX3              3     39.917    tsmc18 
CLKBUFXL           8    106.445    tsmc18 
DFFHQX1           74   3938.458    tsmc18 
DFFTRX1          107   6050.722    tsmc18 
INVX1            191   1270.685    tsmc18 
INVXL             46    306.029    tsmc18 
MXI2X1             5    116.424    tsmc18 
NAND2BX1          25    332.640    tsmc18 
NAND2X1           74    738.461    tsmc18 
NAND2XL            5     49.896    tsmc18 
NAND3BX1           8    133.056    tsmc18 
NAND3X1            6     79.834    tsmc18 
NAND4BXL           1     19.958    tsmc18 
NAND4X1            3     49.896    tsmc18 
NOR2BX1           35    465.696    tsmc18 
NOR2BXL            6     79.834    tsmc18 
NOR2X1            63    628.690    tsmc18 
NOR2XL             1      9.979    tsmc18 
NOR3X1             6     79.834    tsmc18 
NOR3XL             1     13.306    tsmc18 
NOR4BX1            3     59.875    tsmc18 
NOR4X1             3     59.875    tsmc18 
OAI211X1           2     39.917    tsmc18 
OAI211XL           1     19.958    tsmc18 
OAI21XL           60    798.336    tsmc18 
OAI221XL           4     93.139    tsmc18 
OAI222XL           3     79.834    tsmc18 
OAI22X1           13    259.459    tsmc18 
OAI2BB1X1          5     83.160    tsmc18 
OAI2BB1XL          2     33.264    tsmc18 
OAI2BB2X1         12    279.418    tsmc18 
OAI2BB2XL         78   1816.214    tsmc18 
OAI32X1            3     69.854    tsmc18 
OAI32XL            1     23.285    tsmc18 
OR2X2              9    119.750    tsmc18 
OR3XL              3     49.896    tsmc18 
OR4X2              2     39.917    tsmc18 
SDFFHQX1           1     66.528    tsmc18 
XNOR2X1            4    106.445    tsmc18 
XOR2X1            10    266.112    tsmc18 
------------------------------------------
total           1222  25729.704           


                                          
     Type      Instances    Area   Area % 
------------------------------------------
sequential           182 10055.707   39.1 
inverter             237  1576.714    6.1 
buffer                11   146.362    0.6 
logic                792 13950.922   54.2 
physical_cells         0     0.000    0.0 
------------------------------------------
total               1222 25729.704  100.0 

